2016-02-19 15:48:46,708 [main            ] [          ] INFO  org.eclipse.jetty.server.Server - jetty-8.1.8.v20121106
2016-02-19 15:48:48,303 [main            ] [          ] INFO  restx.RestxMainRouterFactory - LOADING MAIN ROUTER
2016-02-19 15:48:48,312 [main            ] [          ] INFO  restx.RestxMainRouterFactory - 
--------------------------------------
 -- RESTX >> LOAD ON REQUEST << >> DEV MODE << >> AUTO COMPILE <<
 -- for admin console,
 --   VISIT http://127.0.0.1:8080/api/@/ui/
 --

2016-02-19 15:48:51,024 [pool-1-thread-1 ] [          ] INFO  restx.classloader.CompilationManager - compilation finished: 5 sources compiled in 2.457 s
2016-02-19 15:48:51,893 [main            ] [          ] INFO  restx.classloader.CompilationManager - watching for changes in [src\main\java, src\main\resources]; current location is C:\Work\workspace_revevol\restx\.
2016-02-19 15:48:51,923 [main            ] [          ] INFO  restx.monitor.MetricsConfiguration - registering Metrics JVM metrics
2016-02-19 15:48:54,860 [qtp1957502751-23] [          ] INFO  o.h.validator.internal.util.Version - HV000001: Hibernate Validator 5.0.1.Final
2016-02-19 15:48:54,986 [qtp1957502751-23] [          ] INFO  restx.RestxMainRouterFactory - [RESTX REQUEST] GET /@/ui/ - per request factory created in 352.5 ms
2016-02-19 15:48:55,523 [qtp1957502751-25] [          ] INFO  restx.RestxMainRouterFactory - [RESTX REQUEST] GET /@/ui/css/admin.css - per request factory created in 319.8 ms
2016-02-19 15:48:55,560 [qtp1957502751-26] [          ] INFO  restx.RestxMainRouterFactory - [RESTX REQUEST] GET /@/webjars/bootstrap/2.3.0/js/bootstrap.min.js - per request factory created in 354.3 ms
2016-02-19 15:48:55,587 [qtp1957502751-24] [          ] INFO  restx.RestxMainRouterFactory - [RESTX REQUEST] GET /@/webjars/jquery/1.9.1/jquery.min.js - per request factory created in 385.7 ms
2016-02-19 15:48:56,273 [qtp1957502751-27] [          ] INFO  restx.StdRestxMainRouter - << [RESTX REQUEST] GET /sessions/current >> UNAUTHORIZED - 6.799 ms
2016-02-19 15:48:56,275 [qtp1957502751-24] [          ] INFO  restx.StdRestxMainRouter - << [RESTX REQUEST] GET /@/pages >> UNAUTHORIZED - 3.211 ms
2016-02-19 15:51:44,920 [qtp1957502751-29] [          ] INFO  restx.StdRestxMainRouter - << [RESTX REQUEST] POST /sessions >> UNAUTHORIZED - 155.7 ms
2016-02-19 15:51:47,681 [qtp1957502751-29] [          ] INFO  restx.StdRestxMainRouter - << [RESTX REQUEST] POST /sessions >> UNAUTHORIZED - 35.61 ms
2016-02-19 15:51:50,497 [qtp1957502751-29] [          ] INFO  restx.StdRestxMainRouter - << [RESTX REQUEST] POST /sessions >> UNAUTHORIZED - 22.30 ms
2016-02-19 15:51:52,156 [qtp1957502751-24] [          ] INFO  restx.StdRestxMainRouter - << [RESTX REQUEST] POST /sessions >> UNAUTHORIZED - 32.85 ms
2016-02-19 15:51:56,977 [qtp1957502751-27] [          ] INFO  restx.StdRestxMainRouter - << [RESTX REQUEST] POST /sessions >> UNAUTHORIZED - 26.09 ms
2016-02-19 15:52:24,832 [qtp1957502751-25] [          ] INFO  restx.StdRestxMainRouter - << [RESTX REQUEST] POST /sessions >> UNAUTHORIZED - 22.55 ms
2016-02-19 15:55:45,747 [qtp1957502751-30] [          ] INFO  restx.StdRestxMainRouter - << [RESTX REQUEST] POST /sessions >> UNAUTHORIZED - 20.63 ms
2016-02-19 15:55:47,249 [qtp1957502751-30] [          ] INFO  restx.StdRestxMainRouter - << [RESTX REQUEST] POST /sessions >> UNAUTHORIZED - 34.98 ms
2016-02-19 16:02:22,134 [qtp1957502751-37] [          ] INFO  restx.StdRestxMainRouter - << [RESTX REQUEST] GET /sessions/current >> UNAUTHORIZED - 1.246 ms
2016-02-19 16:02:22,162 [qtp1957502751-39] [          ] INFO  restx.StdRestxMainRouter - << [RESTX REQUEST] GET /@/pages >> UNAUTHORIZED - 1.398 ms
2016-02-19 16:02:26,316 [qtp1957502751-36] [          ] INFO  restx.StdRestxMainRouter - << [RESTX REQUEST] POST /sessions >> UNAUTHORIZED - 18.56 ms
2016-02-19 16:02:28,604 [qtp1957502751-37] [          ] INFO  restx.StdRestxMainRouter - << [RESTX REQUEST] GET /@/pages >> UNAUTHORIZED - 715.7 μs
2016-02-19 16:02:28,612 [qtp1957502751-36] [          ] INFO  restx.StdRestxMainRouter - << [RESTX REQUEST] GET /sessions/current >> UNAUTHORIZED - 792.6 μs
2016-02-19 16:02:29,788 [qtp1957502751-38] [          ] INFO  restx.StdRestxMainRouter - << [RESTX REQUEST] GET /sessions/current >> UNAUTHORIZED - 1.404 ms
2016-02-19 16:02:29,800 [qtp1957502751-39] [          ] INFO  restx.StdRestxMainRouter - << [RESTX REQUEST] GET /@/pages >> UNAUTHORIZED - 742.3 μs
2016-02-19 16:02:31,103 [qtp1957502751-40] [          ] INFO  restx.StdRestxMainRouter - << [RESTX REQUEST] GET /sessions/current >> UNAUTHORIZED - 554.7 μs
2016-02-19 16:02:31,104 [qtp1957502751-37] [          ] INFO  restx.StdRestxMainRouter - << [RESTX REQUEST] GET /@/pages >> UNAUTHORIZED - 688.6 μs
2016-02-19 16:05:27,438 [main            ] [          ] INFO  org.eclipse.jetty.server.Server - jetty-8.1.8.v20121106
2016-02-19 16:05:28,762 [main            ] [          ] INFO  restx.RestxMainRouterFactory - LOADING MAIN ROUTER
2016-02-19 16:05:28,774 [main            ] [          ] INFO  restx.RestxMainRouterFactory - 
--------------------------------------
 -- RESTX >> LOAD ON REQUEST << >> DEV MODE << >> AUTO COMPILE <<
 -- for admin console,
 --   VISIT http://127.0.0.1:8080/api/@/ui/
 --

2016-02-19 16:05:29,204 [main            ] [          ] INFO  restx.classloader.CompilationManager - watching for changes in [src\main\java, src\main\resources]; current location is C:\Work\workspace_revevol\restx\.
2016-02-19 16:05:29,237 [main            ] [          ] INFO  restx.monitor.MetricsConfiguration - registering Metrics JVM metrics
2016-02-19 16:05:35,138 [qtp1957502751-23] [          ] INFO  o.h.validator.internal.util.Version - HV000001: Hibernate Validator 5.0.1.Final
2016-02-19 16:05:35,311 [qtp1957502751-23] [          ] INFO  restx.RestxMainRouterFactory - [RESTX REQUEST] GET /@/ui/ - per request factory created in 610.8 ms
2016-02-19 16:05:35,714 [qtp1957502751-26] [          ] INFO  restx.RestxMainRouterFactory - [RESTX REQUEST] GET /@/ui/css/bootstrap.min.css - per request factory created in 287.9 ms
2016-02-19 16:05:35,773 [qtp1957502751-24] [          ] INFO  restx.RestxMainRouterFactory - [RESTX REQUEST] GET /@/webjars/jquery/1.9.1/jquery.min.js - per request factory created in 293.7 ms
2016-02-19 16:05:35,781 [qtp1957502751-23] [          ] INFO  restx.RestxMainRouterFactory - [RESTX REQUEST] GET /@/webjars/bootstrap/2.3.0/js/bootstrap.min.js - per request factory created in 242.9 ms
2016-02-19 16:05:35,790 [qtp1957502751-27] [          ] INFO  restx.RestxMainRouterFactory - [RESTX REQUEST] GET /@/webjars/angularjs/1.0.8/angular-resource.min.js - per request factory created in 230.9 ms
2016-02-19 16:05:35,861 [qtp1957502751-28] [          ] INFO  restx.RestxMainRouterFactory - [RESTX REQUEST] GET /@/webjars/angularjs/1.0.8/angular.min.js - per request factory created in 317.2 ms
2016-02-19 16:05:35,884 [qtp1957502751-25] [          ] INFO  restx.RestxMainRouterFactory - [RESTX REQUEST] GET /@/ui/css/admin.css - per request factory created in 452.3 ms
2016-02-19 16:05:36,019 [qtp1957502751-23] [          ] INFO  restx.RestxMainRouterFactory - [RESTX REQUEST] GET /@/webjars/underscorejs/1.4.4/underscore.min.js - per request factory created in 228.9 ms
2016-02-19 16:05:36,064 [qtp1957502751-27] [          ] INFO  restx.RestxMainRouterFactory - [RESTX REQUEST] GET /@/ui/js/securityHandling.js - per request factory created in 270.2 ms
2016-02-19 16:05:36,086 [qtp1957502751-24] [          ] INFO  restx.RestxMainRouterFactory - [RESTX REQUEST] GET /@/ui/js/admin.js - per request factory created in 263.1 ms
2016-02-19 16:05:36,416 [qtp1957502751-23] [          ] INFO  restx.StdRestxMainRouter - << [RESTX REQUEST] GET /sessions/current >> UNAUTHORIZED - 3.213 ms
2016-02-19 16:05:36,431 [qtp1957502751-25] [          ] INFO  restx.StdRestxMainRouter - << [RESTX REQUEST] GET /@/pages >> UNAUTHORIZED - 17.66 ms
2016-02-19 16:05:39,378 [qtp1957502751-24] [          ] INFO  restx.StdRestxMainRouter - << [RESTX REQUEST] POST /sessions >> UNAUTHORIZED - 177.1 ms
2016-02-19 16:05:42,128 [qtp1957502751-26] [          ] INFO  restx.StdRestxMainRouter - << [RESTX REQUEST] POST /sessions >> UNAUTHORIZED - 38.77 ms
2016-02-19 16:05:45,762 [qtp1957502751-23] [          ] INFO  restx.StdRestxMainRouter - << [RESTX REQUEST] POST /sessions >> UNAUTHORIZED - 23.22 ms
2016-02-19 16:05:48,720 [qtp1957502751-28] [          ] INFO  restx.StdRestxMainRouter - << [RESTX REQUEST] POST /sessions >> UNAUTHORIZED - 27.88 ms
2016-02-19 16:06:21,673 [qtp1957502751-27] [          ] INFO  restx.StdRestxMainRouter - << [RESTX REQUEST] POST /sessions >> OK - 428.8 ms
2016-02-19 16:06:22,440 [qtp1957502751-27] [admin     ] INFO  restx.StdRestxMainRouter - << [RESTX REQUEST] GET /@/pages >> OK - 46.90 ms
2016-02-19 16:06:22,459 [qtp1957502751-25] [admin     ] INFO  restx.StdRestxMainRouter - << [RESTX REQUEST] GET /sessions/current >> OK - 20.01 ms
2016-02-19 16:06:52,067 [qtp1957502751-29] [          ] INFO  restx.RestxMainRouterFactory - [RESTX REQUEST] GET /@/ui/js/admin.js - per request factory created in 209.4 ms
2016-02-19 16:06:52,437 [qtp1957502751-29] [admin     ] INFO  restx.StdRestxMainRouter - << [RESTX REQUEST] GET /@/pages >> OK - 18.45 ms
2016-02-19 16:06:52,480 [qtp1957502751-27] [admin     ] INFO  restx.StdRestxMainRouter - << [RESTX REQUEST] GET /sessions/current >> OK - 11.07 ms
2016-02-19 16:06:52,586 [qtp1957502751-27] [admin     ] INFO  restx.StdRestxMainRouter - << [RESTX REQUEST] GET /sessions/current >> OK - 15.21 ms
2016-02-19 16:06:52,598 [qtp1957502751-29] [admin     ] INFO  restx.StdRestxMainRouter - << [RESTX REQUEST] GET /@/pages >> OK - 8.857 ms
2016-02-19 16:06:52,736 [qtp1957502751-28] [admin     ] INFO  restx.StdRestxMainRouter - << [RESTX REQUEST] GET /@/api-docs >> OK - 116.1 ms
2016-02-19 16:06:53,056 [qtp1957502751-25] [admin     ] INFO  restx.StdRestxMainRouter - << [RESTX REQUEST] GET /@/api-docs/hello >> OK - 186.8 ms
2016-02-19 16:06:53,152 [qtp1957502751-30] [admin     ] INFO  restx.StdRestxMainRouter - << [RESTX REQUEST] GET /@/api-docs/config >> OK - 157.5 ms
2016-02-19 16:06:53,186 [qtp1957502751-26] [admin     ] INFO  restx.StdRestxMainRouter - << [RESTX REQUEST] GET /@/api-docs/admin-pages >> OK - 333.8 ms
2016-02-19 16:06:53,189 [qtp1957502751-29] [admin     ] INFO  restx.StdRestxMainRouter - << [RESTX REQUEST] GET /@/api-docs/messages >> OK - 83.55 ms
2016-02-19 16:06:53,234 [qtp1957502751-25] [admin     ] INFO  restx.StdRestxMainRouter - << [RESTX REQUEST] GET /@/api-docs/messages-admin >> OK - 98.86 ms
2016-02-19 16:06:53,274 [qtp1957502751-27] [admin     ] INFO  restx.StdRestxMainRouter - << [RESTX REQUEST] GET /@/api-docs/specs >> OK - 289.2 ms
2016-02-19 16:06:53,241 [qtp1957502751-23] [admin     ] INFO  restx.StdRestxMainRouter - << [RESTX REQUEST] GET /@/api-docs/json-schema >> OK - 267.4 ms
2016-02-19 16:06:53,318 [qtp1957502751-30] [admin     ] INFO  restx.StdRestxMainRouter - << [RESTX REQUEST] GET /@/api-docs/log-admin >> OK - 72.48 ms
2016-02-19 16:06:53,343 [qtp1957502751-28] [admin     ] INFO  restx.StdRestxMainRouter - << [RESTX REQUEST] GET /@/api-docs/monitor >> OK - 13.49 ms
2016-02-19 16:06:53,449 [qtp1957502751-29] [admin     ] INFO  restx.StdRestxMainRouter - << [RESTX REQUEST] GET /@/api-docs/metrics >> OK - 29.95 ms
2016-02-19 16:06:53,484 [qtp1957502751-26] [admin     ] INFO  restx.StdRestxMainRouter - << [RESTX REQUEST] GET /@/api-docs/sessions >> OK - 18.73 ms
2016-02-19 16:06:53,529 [qtp1957502751-25] [admin     ] INFO  restx.StdRestxMainRouter - << [RESTX REQUEST] GET /@/api-docs/session >> OK - 47.62 ms
2016-02-19 16:06:56,392 [qtp1957502751-23] [admin     ] INFO  restx.StdRestxMainRouter - << [RESTX REQUEST] GET /@/api-docs/hello >> OK - 20.33 ms
2016-02-19 16:06:56,495 [qtp1957502751-25] [admin     ] INFO  restx.StdRestxMainRouter - << [RESTX REQUEST] GET /@/api-docs >> OK - 113.4 ms
2016-02-19 16:06:56,604 [qtp1957502751-27] [admin     ] INFO  restx.StdRestxMainRouter - << [RESTX REQUEST] GET /@/specs ? httpMethod=GET&path=/message >> OK - 99.76 ms
2016-02-19 16:07:00,167 [qtp1957502751-27] [admin     ] INFO  restx.StdRestxMainRouter - << [RESTX REQUEST] GET /@/api-docs/hello >> OK - 20.63 ms
2016-02-19 16:07:00,298 [qtp1957502751-29] [admin     ] INFO  restx.StdRestxMainRouter - << [RESTX REQUEST] GET /@/specs ? httpMethod=GET&path=/hello >> OK - 32.05 ms
2016-02-19 16:07:00,326 [qtp1957502751-28] [admin     ] INFO  restx.StdRestxMainRouter - << [RESTX REQUEST] GET /@/api-docs >> OK - 190.7 ms
2016-02-19 16:07:09,719 [qtp1957502751-25] [admin     ] INFO  restx.StdRestxMainRouter - << [RESTX REQUEST] GET /hello ? who=angelo >> OK - 15.71 ms
2016-02-19 16:07:14,814 [qtp1957502751-23] [admin     ] INFO  restx.StdRestxMainRouter - << [RESTX REQUEST] GET /@/api-docs/hello >> OK - 14.66 ms
2016-02-19 16:07:14,947 [qtp1957502751-29] [admin     ] INFO  restx.StdRestxMainRouter - << [RESTX REQUEST] GET /@/specs ? httpMethod=GET&path=/message >> OK - 40.84 ms
2016-02-19 16:07:14,977 [qtp1957502751-25] [admin     ] INFO  restx.StdRestxMainRouter - << [RESTX REQUEST] GET /@/api-docs >> OK - 172.5 ms
2016-02-19 16:07:17,523 [qtp1957502751-26] [admin     ] INFO  restx.StdRestxMainRouter - << [RESTX REQUEST] GET /@/api-docs >> OK - 51.30 ms
2016-02-19 16:07:17,693 [qtp1957502751-25] [admin     ] INFO  restx.StdRestxMainRouter - << [RESTX REQUEST] GET /@/api-docs/admin-pages >> OK - 50.64 ms
2016-02-19 16:07:17,707 [qtp1957502751-27] [admin     ] INFO  restx.StdRestxMainRouter - << [RESTX REQUEST] GET /@/api-docs/config >> OK - 43.04 ms
2016-02-19 16:07:17,722 [qtp1957502751-29] [admin     ] INFO  restx.StdRestxMainRouter - << [RESTX REQUEST] GET /@/api-docs/hello >> OK - 82.10 ms
2016-02-19 16:07:17,728 [qtp1957502751-23] [admin     ] INFO  restx.StdRestxMainRouter - << [RESTX REQUEST] GET /@/api-docs/messages >> OK - 13.44 ms
2016-02-19 16:07:17,743 [qtp1957502751-28] [admin     ] INFO  restx.StdRestxMainRouter - << [RESTX REQUEST] GET /@/api-docs/json-schema >> OK - 30.17 ms
2016-02-19 16:07:17,750 [qtp1957502751-30] [admin     ] INFO  restx.StdRestxMainRouter - << [RESTX REQUEST] GET /@/api-docs/specs >> OK - 98.06 ms
2016-02-19 16:07:17,839 [qtp1957502751-29] [admin     ] INFO  restx.StdRestxMainRouter - << [RESTX REQUEST] GET /@/api-docs/messages-admin >> OK - 17.90 ms
2016-02-19 16:07:17,872 [qtp1957502751-30] [admin     ] INFO  restx.StdRestxMainRouter - << [RESTX REQUEST] GET /@/api-docs/log-admin >> OK - 22.54 ms
2016-02-19 16:07:17,887 [qtp1957502751-25] [admin     ] INFO  restx.StdRestxMainRouter - << [RESTX REQUEST] GET /@/api-docs/metrics >> OK - 24.81 ms
2016-02-19 16:07:17,901 [qtp1957502751-27] [admin     ] INFO  restx.StdRestxMainRouter - << [RESTX REQUEST] GET /@/api-docs/monitor >> OK - 24.29 ms
2016-02-19 16:07:17,938 [qtp1957502751-23] [admin     ] INFO  restx.StdRestxMainRouter - << [RESTX REQUEST] GET /@/api-docs/sessions >> OK - 32.06 ms
2016-02-19 16:07:17,948 [qtp1957502751-28] [admin     ] INFO  restx.StdRestxMainRouter - << [RESTX REQUEST] GET /@/api-docs/session >> OK - 23.51 ms
2016-02-19 16:07:19,878 [qtp1957502751-23] [admin     ] INFO  restx.StdRestxMainRouter - << [RESTX REQUEST] GET /sessions/current >> OK - 9.318 ms
2016-02-19 16:07:19,882 [qtp1957502751-30] [admin     ] INFO  restx.StdRestxMainRouter - << [RESTX REQUEST] GET /@/pages >> OK - 8.376 ms
2016-02-19 16:07:19,907 [qtp1957502751-27] [admin     ] INFO  restx.StdRestxMainRouter - << [RESTX REQUEST] GET /@/config/elements >> OK - 16.69 ms
2016-02-19 16:07:19,938 [qtp1957502751-26] [admin     ] INFO  restx.StdRestxMainRouter - << [RESTX REQUEST] GET /sessions/current >> OK - 7.164 ms
2016-02-19 16:07:19,948 [qtp1957502751-30] [admin     ] INFO  restx.StdRestxMainRouter - << [RESTX REQUEST] GET /@/pages >> OK - 4.751 ms
2016-02-19 16:07:24,544 [qtp1957502751-30] [admin     ] INFO  restx.StdRestxMainRouter - << [RESTX REQUEST] GET /sessions/current >> OK - 7.610 ms
2016-02-19 16:07:24,546 [qtp1957502751-29] [admin     ] INFO  restx.StdRestxMainRouter - << [RESTX REQUEST] GET /@/pages >> OK - 6.254 ms
2016-02-19 16:07:27,567 [qtp1957502751-28] [admin     ] INFO  restx.StdRestxMainRouter - << [RESTX REQUEST] GET /sessions/current >> OK - 21.46 ms
2016-02-19 16:07:27,573 [qtp1957502751-23] [admin     ] INFO  restx.StdRestxMainRouter - << [RESTX REQUEST] GET /@/pages >> OK - 15.42 ms
2016-02-19 16:07:27,640 [qtp1957502751-28] [admin     ] INFO  restx.StdRestxMainRouter - << [RESTX REQUEST] GET /sessions/current >> OK - 6.496 ms
2016-02-19 16:07:27,646 [qtp1957502751-23] [admin     ] INFO  restx.StdRestxMainRouter - << [RESTX REQUEST] GET /@/pages >> OK - 7.458 ms
2016-02-19 16:07:27,976 [qtp1957502751-27] [admin     ] INFO  restx.StdRestxMainRouter - << [RESTX REQUEST] GET /@/metrics >> OK - 194.9 ms
2016-02-19 16:07:27,987 [qtp1957502751-25] [admin     ] INFO  restx.StdRestxMainRouter - << [RESTX REQUEST] GET /@/monitor >> OK - 214.8 ms
2016-02-19 16:07:33,607 [qtp1957502751-28] [admin     ] INFO  restx.StdRestxMainRouter - << [RESTX REQUEST] GET /@/pages >> OK - 13.33 ms
2016-02-19 16:07:33,618 [qtp1957502751-29] [admin     ] INFO  restx.StdRestxMainRouter - << [RESTX REQUEST] GET /sessions/current >> OK - 14.92 ms
2016-02-19 16:07:33,710 [qtp1957502751-28] [admin     ] INFO  restx.StdRestxMainRouter - << [RESTX REQUEST] GET /@/pages >> OK - 5.834 ms
2016-02-19 16:07:33,714 [qtp1957502751-29] [admin     ] INFO  restx.StdRestxMainRouter - << [RESTX REQUEST] GET /sessions/current >> OK - 12.58 ms
2016-02-19 16:07:35,676 [qtp1957502751-27] [admin     ] INFO  restx.StdRestxMainRouter - << [RESTX REQUEST] GET /sessions/current >> OK - 13.06 ms
2016-02-19 16:07:35,684 [qtp1957502751-26] [admin     ] INFO  restx.StdRestxMainRouter - << [RESTX REQUEST] GET /@/pages >> OK - 14.54 ms
2016-02-19 16:07:35,753 [qtp1957502751-27] [admin     ] INFO  restx.StdRestxMainRouter - << [RESTX REQUEST] GET /sessions/current >> OK - 12.33 ms
2016-02-19 16:07:35,766 [qtp1957502751-26] [admin     ] INFO  restx.StdRestxMainRouter - << [RESTX REQUEST] GET /@/pages >> OK - 19.26 ms
2016-02-19 16:07:35,846 [qtp1957502751-25] [admin     ] INFO  restx.StdRestxMainRouter - << [RESTX REQUEST] GET /@/api-docs >> OK - 59.71 ms
2016-02-19 16:07:35,944 [qtp1957502751-29] [admin     ] INFO  restx.StdRestxMainRouter - << [RESTX REQUEST] GET /@/api-docs/json-schema >> OK - 17.04 ms
2016-02-19 16:07:36,002 [qtp1957502751-30] [admin     ] INFO  restx.StdRestxMainRouter - << [RESTX REQUEST] GET /@/api-docs/admin-pages >> OK - 16.57 ms
2016-02-19 16:07:36,068 [qtp1957502751-28] [admin     ] INFO  restx.StdRestxMainRouter - << [RESTX REQUEST] GET /@/api-docs/specs >> OK - 23.71 ms
2016-02-19 16:07:36,122 [qtp1957502751-25] [admin     ] INFO  restx.StdRestxMainRouter - << [RESTX REQUEST] GET /@/api-docs/hello >> OK - 18.21 ms
2016-02-19 16:07:36,095 [qtp1957502751-26] [admin     ] INFO  restx.StdRestxMainRouter - << [RESTX REQUEST] GET /@/api-docs/messages >> OK - 22.43 ms
2016-02-19 16:07:36,094 [qtp1957502751-31] [admin     ] INFO  restx.StdRestxMainRouter - << [RESTX REQUEST] GET /@/api-docs/messages-admin >> OK - 17.20 ms
2016-02-19 16:07:36,159 [qtp1957502751-29] [admin     ] INFO  restx.StdRestxMainRouter - << [RESTX REQUEST] GET /@/api-docs/log-admin >> OK - 44.56 ms
2016-02-19 16:07:36,082 [qtp1957502751-27] [admin     ] INFO  restx.StdRestxMainRouter - << [RESTX REQUEST] GET /@/api-docs/config >> OK - 22.90 ms
2016-02-19 16:07:36,216 [qtp1957502751-31] [admin     ] INFO  restx.StdRestxMainRouter - << [RESTX REQUEST] GET /@/api-docs/sessions >> OK - 14.74 ms
2016-02-19 16:07:36,224 [qtp1957502751-26] [admin     ] INFO  restx.StdRestxMainRouter - << [RESTX REQUEST] GET /@/api-docs/session >> OK - 17.07 ms
2016-02-19 16:07:36,265 [qtp1957502751-28] [admin     ] INFO  restx.StdRestxMainRouter - << [RESTX REQUEST] GET /@/api-docs/metrics >> OK - 17.43 ms
2016-02-19 16:07:36,298 [qtp1957502751-27] [admin     ] INFO  restx.StdRestxMainRouter - << [RESTX REQUEST] GET /@/api-docs/monitor >> OK - 28.52 ms
2016-02-19 16:08:51,928 [qtp1957502751-30] [admin     ] INFO  restx.StdRestxMainRouter - << [RESTX REQUEST] GET /@/api-docs/hello >> OK - 20.76 ms
2016-02-19 16:08:52,031 [qtp1957502751-27] [admin     ] INFO  restx.StdRestxMainRouter - << [RESTX REQUEST] GET /@/specs ? httpMethod=GET&path=/message >> OK - 42.24 ms
2016-02-19 16:08:52,045 [qtp1957502751-31] [admin     ] INFO  restx.StdRestxMainRouter - << [RESTX REQUEST] GET /@/api-docs >> OK - 148.8 ms
2016-02-19 16:09:08,905 [qtp1957502751-31] [admin     ] INFO  restx.StdRestxMainRouter - << [RESTX REQUEST] GET /sessions/current >> OK - 8.574 ms
2016-02-19 16:09:08,923 [qtp1957502751-25] [admin     ] INFO  restx.StdRestxMainRouter - << [RESTX REQUEST] GET /@/pages >> OK - 6.605 ms
2016-02-19 16:09:08,959 [qtp1957502751-30] [admin     ] INFO  restx.StdRestxMainRouter - << [RESTX REQUEST] GET /sessions/current >> OK - 7.208 ms
2016-02-19 16:09:09,000 [qtp1957502751-25] [admin     ] INFO  restx.StdRestxMainRouter - << [RESTX REQUEST] GET /@/pages >> OK - 11.94 ms
2016-02-19 16:09:09,241 [qtp1957502751-27] [admin     ] INFO  restx.StdRestxMainRouter - << [RESTX REQUEST] GET /@/metrics >> OK - 109.9 ms
2016-02-19 16:09:09,258 [qtp1957502751-29] [admin     ] INFO  restx.StdRestxMainRouter - << [RESTX REQUEST] GET /@/monitor >> OK - 125.2 ms
2016-02-19 16:09:57,901 [qtp1957502751-25] [admin     ] INFO  restx.StdRestxMainRouter - << [RESTX REQUEST] GET /@/ui/css/images/sort-asc.gif >> NOT_FOUND - 4.933 ms
2016-02-19 16:10:27,758 [qtp1957502751-30] [admin     ] INFO  restx.StdRestxMainRouter - << [RESTX REQUEST] GET /@/ui/messages/ >> NOT_FOUND - 5.191 ms
2016-02-19 16:10:31,947 [qtp1957502751-28] [admin     ] INFO  restx.StdRestxMainRouter - << [RESTX REQUEST] GET /@/metrics >> OK - 98.52 ms
2016-02-19 16:10:31,966 [qtp1957502751-25] [admin     ] INFO  restx.StdRestxMainRouter - << [RESTX REQUEST] GET /@/monitor >> OK - 128.3 ms
2016-02-19 16:10:33,917 [qtp1957502751-31] [admin     ] INFO  restx.StdRestxMainRouter - << [RESTX REQUEST] GET /sessions/current >> OK - 14.40 ms
2016-02-19 16:10:33,933 [qtp1957502751-25] [admin     ] INFO  restx.StdRestxMainRouter - << [RESTX REQUEST] GET /@/pages >> OK - 7.193 ms
2016-02-19 16:10:34,002 [qtp1957502751-25] [admin     ] INFO  restx.StdRestxMainRouter - << [RESTX REQUEST] GET /@/pages >> OK - 12.49 ms
2016-02-19 16:10:34,052 [qtp1957502751-31] [admin     ] INFO  restx.StdRestxMainRouter - << [RESTX REQUEST] GET /sessions/current >> OK - 14.44 ms
2016-02-19 16:10:34,121 [qtp1957502751-33] [admin     ] INFO  restx.StdRestxMainRouter - << [RESTX REQUEST] GET /@/logs >> OK - 34.45 ms
2016-02-19 16:10:36,522 [qtp1957502751-25] [admin     ] INFO  restx.StdRestxMainRouter - << [RESTX REQUEST] GET /sessions/current >> OK - 13.76 ms
2016-02-19 16:10:36,540 [qtp1957502751-31] [admin     ] INFO  restx.StdRestxMainRouter - << [RESTX REQUEST] GET /@/pages >> OK - 5.237 ms
2016-02-19 16:10:36,587 [qtp1957502751-34] [admin     ] INFO  restx.StdRestxMainRouter - << [RESTX REQUEST] GET /sessions/current >> OK - 8.947 ms
2016-02-19 16:10:36,602 [qtp1957502751-28] [admin     ] INFO  restx.StdRestxMainRouter - << [RESTX REQUEST] GET /@/pages >> OK - 3.767 ms
2016-02-19 16:10:37,373 [qtp1957502751-32] [admin     ] INFO  restx.StdRestxMainRouter - << [RESTX REQUEST] GET /@/factory >> OK - 759.0 ms
2016-02-19 16:10:44,964 [qtp1957502751-35] [admin     ] INFO  restx.StdRestxMainRouter - << [RESTX REQUEST] GET /@/pages >> OK - 10.25 ms
2016-02-19 16:10:44,968 [qtp1957502751-34] [admin     ] INFO  restx.StdRestxMainRouter - << [RESTX REQUEST] GET /sessions/current >> OK - 6.405 ms
2016-02-19 16:10:45,006 [qtp1957502751-32] [admin     ] INFO  restx.StdRestxMainRouter - << [RESTX REQUEST] GET /@/errors/descriptors >> OK - 14.92 ms
2016-02-19 16:10:45,022 [qtp1957502751-28] [admin     ] INFO  restx.StdRestxMainRouter - << [RESTX REQUEST] GET /@/pages >> OK - 5.183 ms
2016-02-19 16:10:45,025 [qtp1957502751-25] [admin     ] INFO  restx.StdRestxMainRouter - << [RESTX REQUEST] GET /sessions/current >> OK - 5.309 ms
2016-02-19 16:10:47,247 [qtp1957502751-25] [admin     ] INFO  restx.StdRestxMainRouter - << [RESTX REQUEST] GET /@/pages >> OK - 13.58 ms
2016-02-19 16:10:47,260 [qtp1957502751-34] [admin     ] INFO  restx.StdRestxMainRouter - << [RESTX REQUEST] GET /sessions/current >> OK - 7.624 ms
2016-02-19 16:10:47,332 [qtp1957502751-35] [admin     ] INFO  restx.StdRestxMainRouter - << [RESTX REQUEST] GET /sessions/current >> OK - 21.15 ms
2016-02-19 16:10:47,352 [qtp1957502751-25] [admin     ] INFO  restx.StdRestxMainRouter - << [RESTX REQUEST] GET /@/pages >> OK - 9.882 ms
2016-02-19 16:10:47,412 [qtp1957502751-31] [admin     ] INFO  restx.StdRestxMainRouter - << [RESTX REQUEST] GET /@/api-docs >> OK - 54.57 ms
2016-02-19 16:10:47,558 [qtp1957502751-28] [admin     ] INFO  restx.StdRestxMainRouter - << [RESTX REQUEST] GET /@/api-docs/hello >> OK - 19.91 ms
2016-02-19 16:10:47,567 [qtp1957502751-33] [admin     ] INFO  restx.StdRestxMainRouter - << [RESTX REQUEST] GET /@/api-docs/admin-pages >> OK - 15.89 ms
2016-02-19 16:10:47,593 [qtp1957502751-30] [admin     ] INFO  restx.StdRestxMainRouter - << [RESTX REQUEST] GET /@/api-docs/json-schema >> OK - 16.97 ms
2016-02-19 16:10:47,610 [qtp1957502751-34] [admin     ] INFO  restx.StdRestxMainRouter - << [RESTX REQUEST] GET /@/api-docs/specs >> OK - 14.57 ms
2016-02-19 16:10:47,630 [qtp1957502751-35] [admin     ] INFO  restx.StdRestxMainRouter - << [RESTX REQUEST] GET /@/api-docs/messages >> OK - 12.90 ms
2016-02-19 16:10:47,648 [qtp1957502751-32] [admin     ] INFO  restx.StdRestxMainRouter - << [RESTX REQUEST] GET /@/api-docs/config >> OK - 13.59 ms
2016-02-19 16:10:47,777 [qtp1957502751-28] [admin     ] INFO  restx.StdRestxMainRouter - << [RESTX REQUEST] GET /@/api-docs/messages-admin >> OK - 55.61 ms
2016-02-19 16:10:47,786 [qtp1957502751-33] [admin     ] INFO  restx.StdRestxMainRouter - << [RESTX REQUEST] GET /@/api-docs/log-admin >> OK - 64.43 ms
2016-02-19 16:10:47,799 [qtp1957502751-30] [admin     ] INFO  restx.StdRestxMainRouter - << [RESTX REQUEST] GET /@/api-docs/metrics >> OK - 57.60 ms
2016-02-19 16:10:47,814 [qtp1957502751-34] [admin     ] INFO  restx.StdRestxMainRouter - << [RESTX REQUEST] GET /@/api-docs/monitor >> OK - 59.47 ms
2016-02-19 16:10:47,822 [qtp1957502751-35] [admin     ] INFO  restx.StdRestxMainRouter - << [RESTX REQUEST] GET /@/api-docs/sessions >> OK - 70.91 ms
2016-02-19 16:10:47,865 [qtp1957502751-32] [admin     ] INFO  restx.StdRestxMainRouter - << [RESTX REQUEST] GET /@/api-docs/session >> OK - 64.32 ms
2016-02-19 16:12:33,184 [qtp1957502751-30] [admin     ] INFO  restx.StdRestxMainRouter - << [RESTX REQUEST] GET /@/api-docs/hello >> OK - 10.55 ms
2016-02-19 16:12:33,272 [qtp1957502751-35] [admin     ] INFO  restx.StdRestxMainRouter - << [RESTX REQUEST] GET /@/specs ? httpMethod=GET&path=/message >> OK - 31.36 ms
2016-02-19 16:12:33,278 [qtp1957502751-33] [admin     ] INFO  restx.StdRestxMainRouter - << [RESTX REQUEST] GET /@/api-docs >> OK - 110.9 ms
2016-02-19 16:12:42,237 [qtp1957502751-34] [admin     ] INFO  restx.StdRestxMainRouter - << [RESTX REQUEST] GET /@/pages >> OK - 12.03 ms
2016-02-19 16:12:42,267 [qtp1957502751-35] [admin     ] INFO  restx.StdRestxMainRouter - << [RESTX REQUEST] GET /sessions/current >> OK - 30.11 ms
2016-02-19 16:12:42,268 [qtp1957502751-33] [admin     ] INFO  restx.StdRestxMainRouter - << [RESTX REQUEST] GET /@/sources/main/firstrestxapp/rest/ >> OK - 13.58 ms
2016-02-19 16:12:42,298 [qtp1957502751-30] [admin     ] INFO  restx.StdRestxMainRouter - << [RESTX REQUEST] GET /@/pages >> OK - 5.025 ms
2016-02-19 16:12:42,316 [qtp1957502751-25] [admin     ] INFO  restx.StdRestxMainRouter - << [RESTX REQUEST] GET /@/sources/main/firstrestxapp/rest/HelloResource.java >> OK - 38.52 ms
2016-02-19 16:12:42,332 [qtp1957502751-35] [admin     ] INFO  restx.StdRestxMainRouter - << [RESTX REQUEST] GET /sessions/current >> OK - 9.239 ms
2016-02-19 16:12:42,333 [qtp1957502751-33] [admin     ] INFO  restx.StdRestxMainRouter - << [RESTX REQUEST] GET /@/sources/main/firstrestxapp/rest/ >> OK - 11.28 ms
2016-02-19 16:12:42,369 [qtp1957502751-31] [admin     ] INFO  restx.StdRestxMainRouter - << [RESTX REQUEST] GET /@/sources/main/firstrestxapp/rest/HelloResource.java >> OK - 5.566 ms
2016-02-19 16:12:45,175 [qtp1957502751-34] [admin     ] INFO  restx.StdRestxMainRouter - << [RESTX REQUEST] GET /@/api-docs/hello >> OK - 59.83 ms
2016-02-19 16:12:45,260 [qtp1957502751-33] [admin     ] INFO  restx.StdRestxMainRouter - << [RESTX REQUEST] GET /@/api-docs >> OK - 149.3 ms
2016-02-19 16:12:45,261 [qtp1957502751-30] [admin     ] INFO  restx.StdRestxMainRouter - << [RESTX REQUEST] GET /@/specs ? httpMethod=GET&path=/message >> OK - 42.83 ms
2016-02-19 16:12:46,908 [qtp1957502751-33] [admin     ] INFO  restx.StdRestxMainRouter - << [RESTX REQUEST] GET /@/api-docs/schemas/firstrestxapp.domain.Message >> OK - 49.39 ms
2016-02-19 16:12:51,059 [qtp1957502751-25] [admin     ] INFO  restx.StdRestxMainRouter - << [RESTX REQUEST] GET /@/api-docs/hello >> OK - 16.67 ms
2016-02-19 16:12:51,155 [qtp1957502751-31] [admin     ] INFO  restx.StdRestxMainRouter - << [RESTX REQUEST] GET /@/specs ? httpMethod=GET&path=/message >> OK - 35.39 ms
2016-02-19 16:12:51,156 [qtp1957502751-34] [admin     ] INFO  restx.StdRestxMainRouter - << [RESTX REQUEST] GET /@/api-docs >> OK - 117.5 ms
2016-02-19 16:13:00,842 [qtp1957502751-34] [admin     ] INFO  restx.StdRestxMainRouter - << [RESTX REQUEST] GET /@/api-docs/hello >> OK - 15.05 ms
2016-02-19 16:13:00,921 [qtp1957502751-31] [admin     ] INFO  restx.StdRestxMainRouter - << [RESTX REQUEST] GET /@/api-docs >> OK - 90.48 ms
2016-02-19 16:13:00,932 [qtp1957502751-25] [admin     ] INFO  restx.StdRestxMainRouter - << [RESTX REQUEST] GET /@/specs ? httpMethod=GET&path=/hello >> OK - 31.69 ms
2016-02-19 16:13:05,927 [qtp1957502751-34] [admin     ] INFO  restx.StdRestxMainRouter - << [RESTX REQUEST] GET /hello ? who=angelo >> OK - 3.354 ms
2016-02-19 16:13:14,333 [qtp1957502751-33] [admin     ] INFO  restx.StdRestxMainRouter - << [RESTX REQUEST] GET /@/pages >> OK - 6.698 ms
2016-02-19 16:13:14,336 [qtp1957502751-34] [admin     ] INFO  restx.StdRestxMainRouter - << [RESTX REQUEST] GET /sessions/current >> OK - 5.866 ms
2016-02-19 16:13:14,403 [qtp1957502751-30] [admin     ] INFO  restx.StdRestxMainRouter - << [RESTX REQUEST] GET /sessions/current >> OK - 17.71 ms
2016-02-19 16:13:14,414 [qtp1957502751-35] [admin     ] INFO  restx.StdRestxMainRouter - << [RESTX REQUEST] GET /@/pages >> OK - 29.37 ms
2016-02-19 16:13:14,472 [qtp1957502751-31] [admin     ] INFO  restx.StdRestxMainRouter - << [RESTX REQUEST] GET /@/api-docs >> OK - 35.48 ms
2016-02-19 16:13:14,552 [qtp1957502751-34] [admin     ] INFO  restx.StdRestxMainRouter - << [RESTX REQUEST] GET /@/api-docs/hello >> OK - 19.12 ms
2016-02-19 16:13:14,591 [qtp1957502751-30] [admin     ] INFO  restx.StdRestxMainRouter - << [RESTX REQUEST] GET /@/api-docs/json-schema >> OK - 16.51 ms
2016-02-19 16:13:14,591 [qtp1957502751-25] [admin     ] INFO  restx.StdRestxMainRouter - << [RESTX REQUEST] GET /@/api-docs/admin-pages >> OK - 25.34 ms
2016-02-19 16:13:14,620 [qtp1957502751-35] [admin     ] INFO  restx.StdRestxMainRouter - << [RESTX REQUEST] GET /@/api-docs/config >> OK - 12.45 ms
2016-02-19 16:13:14,633 [qtp1957502751-31] [admin     ] INFO  restx.StdRestxMainRouter - << [RESTX REQUEST] GET /@/api-docs/messages >> OK - 13.87 ms
2016-02-19 16:13:14,664 [qtp1957502751-33] [admin     ] INFO  restx.StdRestxMainRouter - << [RESTX REQUEST] GET /@/api-docs/specs >> OK - 15.91 ms
2016-02-19 16:13:14,791 [qtp1957502751-34] [admin     ] INFO  restx.StdRestxMainRouter - << [RESTX REQUEST] GET /@/api-docs/messages-admin >> OK - 116.4 ms
2016-02-19 16:13:14,829 [qtp1957502751-25] [admin     ] INFO  restx.StdRestxMainRouter - << [RESTX REQUEST] GET /@/api-docs/log-admin >> OK - 105.9 ms
2016-02-19 16:13:14,845 [qtp1957502751-35] [admin     ] INFO  restx.StdRestxMainRouter - << [RESTX REQUEST] GET /@/api-docs/monitor >> OK - 87.74 ms
2016-02-19 16:13:14,854 [qtp1957502751-30] [admin     ] INFO  restx.StdRestxMainRouter - << [RESTX REQUEST] GET /@/api-docs/metrics >> OK - 115.4 ms
2016-02-19 16:13:14,867 [qtp1957502751-31] [admin     ] INFO  restx.StdRestxMainRouter - << [RESTX REQUEST] GET /@/api-docs/sessions >> OK - 97.20 ms
2016-02-19 16:13:14,872 [qtp1957502751-33] [admin     ] INFO  restx.StdRestxMainRouter - << [RESTX REQUEST] GET /@/api-docs/session >> OK - 65.37 ms
2016-02-19 16:13:56,587 [qtp1957502751-34] [          ] INFO  restx.StdRestxMainRouter - << [RESTX REQUEST] GET / >> NOT_FOUND - 1.279 ms
2016-02-19 16:15:39,119 [qtp1957502751-35] [admin     ] INFO  restx.StdRestxMainRouter - << [RESTX REQUEST] GET /@/api-docs >> OK - 62.88 ms
2016-02-19 16:15:39,189 [qtp1957502751-34] [admin     ] INFO  restx.StdRestxMainRouter - << [RESTX REQUEST] GET /@/api-docs/hello >> OK - 16.07 ms
2016-02-19 16:15:39,219 [qtp1957502751-31] [admin     ] INFO  restx.StdRestxMainRouter - << [RESTX REQUEST] GET /@/api-docs/json-schema >> OK - 14.62 ms
2016-02-19 16:15:39,251 [qtp1957502751-35] [admin     ] INFO  restx.StdRestxMainRouter - << [RESTX REQUEST] GET /@/api-docs/admin-pages >> OK - 62.85 ms
2016-02-19 16:15:39,337 [qtp1957502751-36] [admin     ] INFO  restx.StdRestxMainRouter - << [RESTX REQUEST] GET /@/api-docs/specs >> OK - 16.74 ms
2016-02-19 16:15:39,355 [qtp1957502751-37] [admin     ] INFO  restx.StdRestxMainRouter - << [RESTX REQUEST] GET /@/api-docs/config >> OK - 11.76 ms
2016-02-19 16:15:39,411 [qtp1957502751-35] [admin     ] INFO  restx.StdRestxMainRouter - << [RESTX REQUEST] GET /@/api-docs/metrics >> OK - 19.67 ms
2016-02-19 16:15:39,416 [qtp1957502751-34] [admin     ] INFO  restx.StdRestxMainRouter - << [RESTX REQUEST] GET /@/api-docs/messages-admin >> OK - 110.0 ms
2016-02-19 16:15:39,439 [qtp1957502751-31] [admin     ] INFO  restx.StdRestxMainRouter - << [RESTX REQUEST] GET /@/api-docs/log-admin >> OK - 115.6 ms
2016-02-19 16:15:39,577 [qtp1957502751-36] [admin     ] INFO  restx.StdRestxMainRouter - << [RESTX REQUEST] GET /@/api-docs/monitor >> OK - 87.45 ms
2016-02-19 16:15:39,595 [qtp1957502751-37] [          ] INFO  restx.RestxMainRouterFactory - [RESTX REQUEST] GET /@/api-docs/sessions - per request factory created in 237.7 ms
2016-02-19 16:15:39,609 [qtp1957502751-37] [admin     ] INFO  restx.StdRestxMainRouter - << [RESTX REQUEST] GET /@/api-docs/sessions >> OK - 13.72 ms
2016-02-19 16:15:39,614 [qtp1957502751-35] [          ] INFO  restx.RestxMainRouterFactory - [RESTX REQUEST] GET /@/api-docs/session - per request factory created in 202.2 ms
2016-02-19 16:15:39,617 [qtp1957502751-31] [admin     ] INFO  restx.StdRestxMainRouter - << [RESTX REQUEST] GET /@/api-docs/messages >> OK - 45.67 ms
2016-02-19 16:15:39,630 [qtp1957502751-35] [admin     ] INFO  restx.StdRestxMainRouter - << [RESTX REQUEST] GET /@/api-docs/session >> OK - 16.24 ms
2016-02-19 17:18:27,483 [pool-2-thread-1 ] [          ] INFO  restx.classloader.CompilationManager - compilation finished: 1 sources compiled in 3.863 s
2016-02-19 17:32:13,605 [main            ] [          ] INFO  org.eclipse.jetty.server.Server - jetty-8.1.8.v20121106
2016-02-19 17:32:13,890 [main            ] [          ] INFO  restx.RestxMainRouterFactory - LOADING MAIN ROUTER
2016-02-19 17:32:13,891 [main            ] [          ] INFO  restx.RestxMainRouterFactory - 
--------------------------------------
 -- RESTX >> LOAD ON REQUEST << >> CLEAN << >> TEST MODE <<
 -- for admin console,
 --   VISIT http://127.0.0.1:64458/api/@/ui/
 --

2016-02-19 17:32:14,731 [qtp1988644427-17] [          ] INFO  o.h.validator.internal.util.Version - HV000001: Hibernate Validator 5.0.1.Final
2016-02-19 17:32:14,990 [qtp1988644427-17] [          ] INFO  restx.RestxMainRouterFactory - [RESTX REQUEST] GET /hello ? who=xavier - per request factory created in 814.1 ms
2016-02-19 17:32:15,056 [qtp1988644427-17] [          ] INFO  restx.StdRestxMainRouter - << [RESTX REQUEST] GET /hello ? who=xavier >> OK - 65.16 ms
2016-02-19 17:32:15,403 [qtp1988644427-18] [user1     ] INFO  restx.StdRestxMainRouter - << [RESTX REQUEST] GET /message >> OK - 100.5 ms
2016-02-19 17:32:15,607 [qtp1988644427-18] [admin     ] INFO  restx.StdRestxMainRouter - << [RESTX REQUEST] GET /message >> OK - 53.08 ms
2016-02-19 17:32:15,744 [qtp1988644427-18] [user2     ] INFO  restx.StdRestxMainRouter - << [RESTX REQUEST] GET /message >> FORBIDDEN - 27.02 ms
2016-02-19 17:32:16,034 [qtp1988644427-18] [user1     ] WARN  restx.StdRestxMainRouter - request raised IllegalArgumentException: ConstraintViolationImpl{interpolatedMessage='may not be null', propertyPath=value, rootBeanClass=class firstrestxapp.rest.HelloResource$MyPOJO, messageTemplate='{javax.validation.constraints.NotNull.message}'}
java.lang.IllegalArgumentException: ConstraintViolationImpl{interpolatedMessage='may not be null', propertyPath=value, rootBeanClass=class firstrestxapp.rest.HelloResource$MyPOJO, messageTemplate='{javax.validation.constraints.NotNull.message}'}
	at restx.validation.Validations.checkValid(Validations.java:34) ~[restx-core-0.34.jar:na]
	at firstrestxapp.rest.HelloResourceRouter$3.doRoute(HelloResourceRouter.java:103) ~[classes/:na]
	at firstrestxapp.rest.HelloResourceRouter$3.doRoute(HelloResourceRouter.java:98) ~[classes/:na]
	at restx.entity.StdEntityRoute.handle(StdEntityRoute.java:139) ~[restx-core-0.34.jar:na]
	at restx.RestxHandlerMatch.handle(RestxHandlerMatch.java:56) ~[restx-core-0.34.jar:na]
	at restx.ResponseCloserFilter.handle(ResponseCloserFilter.java:28) ~[restx-core-0.34.jar:na]
	at restx.RestxHandlerMatch.handle(RestxHandlerMatch.java:56) ~[restx-core-0.34.jar:na]
	at restx.CacheFilter$1.handle(CacheFilter.java:51) ~[restx-core-0.34.jar:na]
	at restx.RestxHandlerMatch.handle(RestxHandlerMatch.java:56) ~[restx-core-0.34.jar:na]
	at restx.security.RestxSessionLogFilter.handle(RestxSessionLogFilter.java:43) ~[restx-core-0.34.jar:na]
	at restx.RestxHandlerMatch.handle(RestxHandlerMatch.java:56) ~[restx-core-0.34.jar:na]
	at restx.security.RestxSessionCookieFilter.handle(RestxSessionCookieFilter.java:96) ~[restx-core-0.34.jar:na]
	at restx.RestxHandlerMatch.handle(RestxHandlerMatch.java:56) ~[restx-core-0.34.jar:na]
	at restx.StdRestxMainRouter.route(StdRestxMainRouter.java:152) ~[restx-core-0.34.jar:na]
	at restx.RestxMainRouterFactory$PerRequestFactoryLoader.route(RestxMainRouterFactory.java:228) [restx-core-0.34.jar:na]
	at restx.RestxMainRouterFactory$RecordingMainRouter.route(RestxMainRouterFactory.java:185) [restx-core-0.34.jar:na]
	at restx.servlet.AbstractRestxMainRouterServlet.service(AbstractRestxMainRouterServlet.java:48) [restx-servlet-0.34.jar:na]
	at javax.servlet.http.HttpServlet.service(HttpServlet.java:770) [javax.servlet-api-3.0.1.jar:3.0.1]
	at org.eclipse.jetty.servlet.ServletHolder.handle(ServletHolder.java:669) [jetty-servlet-8.1.8.v20121106.jar:8.1.8.v20121106]
	at org.eclipse.jetty.servlet.ServletHandler.doHandle(ServletHandler.java:455) [jetty-servlet-8.1.8.v20121106.jar:8.1.8.v20121106]
	at org.eclipse.jetty.server.handler.ScopedHandler.handle(ScopedHandler.java:137) [jetty-server-8.1.8.v20121106.jar:8.1.8.v20121106]
	at org.eclipse.jetty.security.SecurityHandler.handle(SecurityHandler.java:536) [jetty-security-8.1.8.v20121106.jar:8.1.8.v20121106]
	at org.eclipse.jetty.server.session.SessionHandler.doHandle(SessionHandler.java:231) [jetty-server-8.1.8.v20121106.jar:8.1.8.v20121106]
	at org.eclipse.jetty.server.handler.ContextHandler.doHandle(ContextHandler.java:1072) [jetty-server-8.1.8.v20121106.jar:8.1.8.v20121106]
	at org.eclipse.jetty.servlet.ServletHandler.doScope(ServletHandler.java:382) [jetty-servlet-8.1.8.v20121106.jar:8.1.8.v20121106]
	at org.eclipse.jetty.server.session.SessionHandler.doScope(SessionHandler.java:193) [jetty-server-8.1.8.v20121106.jar:8.1.8.v20121106]
	at org.eclipse.jetty.server.handler.ContextHandler.doScope(ContextHandler.java:1006) [jetty-server-8.1.8.v20121106.jar:8.1.8.v20121106]
	at org.eclipse.jetty.server.handler.ScopedHandler.handle(ScopedHandler.java:135) [jetty-server-8.1.8.v20121106.jar:8.1.8.v20121106]
	at org.eclipse.jetty.server.handler.HandlerList.handle(HandlerList.java:52) [jetty-server-8.1.8.v20121106.jar:8.1.8.v20121106]
	at org.eclipse.jetty.server.handler.HandlerCollection.handle(HandlerCollection.java:154) [jetty-server-8.1.8.v20121106.jar:8.1.8.v20121106]
	at org.eclipse.jetty.server.handler.HandlerWrapper.handle(HandlerWrapper.java:116) [jetty-server-8.1.8.v20121106.jar:8.1.8.v20121106]
	at org.eclipse.jetty.server.Server.handle(Server.java:365) [jetty-server-8.1.8.v20121106.jar:8.1.8.v20121106]
	at org.eclipse.jetty.server.AbstractHttpConnection.handleRequest(AbstractHttpConnection.java:485) [jetty-server-8.1.8.v20121106.jar:8.1.8.v20121106]
	at org.eclipse.jetty.server.AbstractHttpConnection.content(AbstractHttpConnection.java:937) [jetty-server-8.1.8.v20121106.jar:8.1.8.v20121106]
	at org.eclipse.jetty.server.AbstractHttpConnection$RequestHandler.content(AbstractHttpConnection.java:998) [jetty-server-8.1.8.v20121106.jar:8.1.8.v20121106]
	at org.eclipse.jetty.http.HttpParser.parseNext(HttpParser.java:856) [jetty-http-8.1.8.v20121106.jar:8.1.8.v20121106]
	at org.eclipse.jetty.http.HttpParser.parseAvailable(HttpParser.java:240) [jetty-http-8.1.8.v20121106.jar:8.1.8.v20121106]
	at org.eclipse.jetty.server.AsyncHttpConnection.handle(AsyncHttpConnection.java:82) [jetty-server-8.1.8.v20121106.jar:8.1.8.v20121106]
	at org.eclipse.jetty.io.nio.SelectChannelEndPoint.handle(SelectChannelEndPoint.java:628) [jetty-io-8.1.8.v20121106.jar:8.1.8.v20121106]
	at org.eclipse.jetty.io.nio.SelectChannelEndPoint$1.run(SelectChannelEndPoint.java:52) [jetty-io-8.1.8.v20121106.jar:8.1.8.v20121106]
	at org.eclipse.jetty.util.thread.QueuedThreadPool.runJob(QueuedThreadPool.java:608) [jetty-util-8.1.8.v20121106.jar:8.1.8.v20121106]
	at org.eclipse.jetty.util.thread.QueuedThreadPool$3.run(QueuedThreadPool.java:543) [jetty-util-8.1.8.v20121106.jar:8.1.8.v20121106]
	at java.lang.Thread.run(Thread.java:745) [na:1.8.0_65]
2016-02-19 17:32:16,039 [qtp1988644427-18] [user1     ] INFO  restx.StdRestxMainRouter - << [RESTX REQUEST] POST /mypojo >> BAD_REQUEST - 153.2 ms
2016-02-19 17:32:16,107 [qtp1988644427-17] [user1     ] INFO  restx.StdRestxMainRouter - << [RESTX REQUEST] POST /mypojo >> OK - 15.63 ms
2016-02-19 17:32:16,128 [main            ] [          ] INFO  o.e.j.s.listener.ELContextCleaner - javax.el.BeanELResolver purged
